16:39:15.169 [main] INFO  com.csx.main.MainApplication  - Starting MainApplication using Java 1.8.0_251 on Administrator with PID 23400 (D:\IdeaProject\quartz\main\target\classes started by Admin in D:\IdeaProject\quartz)
16:39:15.235 [main] INFO  com.csx.main.MainApplication  - The following profiles are active: quartz,activiti,datasource,dev
16:39:27.257 [main] WARN  com.baomidou.mybatisplus.core.metadata.TableInfoHelper  - Can not find table primary key in Class: "com.csx.common.entity.SysPermission".
16:39:30.417 [main] INFO  org.apache.coyote.http11.Http11NioProtocol  - Initializing ProtocolHandler ["http-nio-9001"]
16:39:30.419 [main] INFO  org.apache.catalina.core.StandardService  - Starting service [Tomcat]
16:39:30.421 [main] INFO  org.apache.catalina.core.StandardEngine  - Starting Servlet engine: [Apache Tomcat/9.0.50]
16:39:31.030 [main] INFO  org.apache.catalina.core.ContainerBase.[Tomcat].[localhost].[/quartz]  - Initializing Spring embedded WebApplicationContext
16:39:31.178 [main] INFO  org.apache.catalina.core.StandardContext  - Suspicious URL pattern: [/**] in context [/quartz], see sections 12.1 and 12.2 of the Servlet specification
16:39:31.178 [main] INFO  org.apache.catalina.core.StandardContext  - Suspicious URL pattern: [/**] in context [/quartz], see sections 12.1 and 12.2 of the Servlet specification
16:39:31.178 [main] INFO  org.apache.catalina.core.StandardContext  - Suspicious URL pattern: [/**] in context [/quartz], see sections 12.1 and 12.2 of the Servlet specification
16:39:31.452 [main] WARN  com.baomidou.mybatisplus.core.metadata.TableInfoHelper  - Can not find table primary key in Class: "com.csx.common.entity.SysDict".
16:39:33.293 [main] INFO  com.alibaba.druid.pool.DruidDataSource  - {dataSource-1} inited
16:39:35.222 [main] INFO  org.activiti.engine.compatibility.DefaultActiviti5CompatibilityHandlerFactory  - Activiti 5 compatibility handler implementation not found or error during instantiation : org.activiti.compatibility.DefaultActiviti5CompatibilityHandler. Activiti 5 backwards compatibility disabled.
16:39:35.658 [main] INFO  org.activiti.engine.impl.ProcessEngineImpl  - ProcessEngine default created
16:39:36.574 [main] INFO  org.apache.coyote.http11.Http11NioProtocol  - Starting ProtocolHandler ["http-nio-9001"]
16:39:36.674 [main] INFO  com.csx.main.MainApplication  - Started MainApplication in 24.094 seconds (JVM running for 30.413)
16:39:36.793 [main] INFO  com.csx.main.ApplicationRunner  - ------------------------------[2021-12-11 16:39:36]服务已启动 , 开始初始化... ------------------------------
16:39:36.889 [main] INFO  com.csx.common.service.CacheService  - com.csx.common.service.CacheService.getSysSubConfigAll 该方法执行成功，初始化缓存成功！
16:39:36.900 [main] INFO  com.csx.common.service.CacheService  - com.csx.common.service.CacheService.getSysConfigAll 该方法执行成功，初始化缓存成功！
16:39:36.967 [main] INFO  com.csx.common.service.CacheService  - com.csx.common.service.CacheService.getSysSystemAll 该方法执行成功，初始化缓存成功！
16:39:36.972 [main] INFO  com.csx.common.service.CacheService  - com.csx.common.service.CacheService.getDictMap 该方法执行成功，初始化缓存成功！
16:39:36.972 [main] INFO  com.csx.main.ApplicationRunner  - [初始化] Cache缓存 初始化完成！
16:39:36.973 [main] INFO  com.csx.main.ApplicationRunner  - [初始化] JdbcUtils 初始化完成！
16:39:36.974 [main] INFO  com.csx.main.ApplicationRunner  - [初始化] ToolUtils 初始化完成！
16:39:36.975 [main] INFO  com.csx.main.ApplicationRunner  - ------------------------------[2021-12-11 16:39:36]服务已启动 , 初始化完成！   ------------------------------
16:39:36.975 [main] INFO  com.csx.main.ApplicationRunner  - 总共用时：261 毫秒
16:41:53.161 [http-nio-9001-exec-1] INFO  org.apache.catalina.core.ContainerBase.[Tomcat].[localhost].[/quartz]  - Initializing Spring DispatcherServlet 'dispatcherServlet'
16:41:53.316 [http-nio-9001-exec-3] WARN  com.csx.main.plugin.owner.interceptor.AuthorizationInterceptor  - token不能为空，返回登录页！
16:42:02.923 [http-nio-9001-exec-6] WARN  com.csx.common.config.AppCofig  - 配置项[SYS_LOGIN_PWDOVER]不存在，取自定义默认值：365
16:42:02.928 [http-nio-9001-exec-6] WARN  com.csx.common.config.AppCofig  - 配置项[SYS_LOGIN_MAX_ONLINE_NUM]不存在，取自定义默认值：10
16:42:02.929 [http-nio-9001-exec-6] WARN  com.csx.common.config.AppCofig  - 配置项[SYS_LOGIN_ISMULTI]不存在，取自定义默认值：Y
16:42:03.013 [QuartzScheduler_quartzScheduler-Administrator1639211976111_ClusterManager] WARN  com.alibaba.druid.pool.DruidAbstractDataSource  - discard long time none received connection. , jdbcUrl : jdbc:mysql://localhost:3306/quartz?useUnicode=true&characterEncoding=UTF-8&serverTimezone=UTC, version : 1.2.4, lastPacketReceivedIdleMillis : 146350
16:42:05.244 [http-nio-9001-exec-6] INFO  com.csx.common.utils.OnlineUtils  - 用户：admin , SessionId: 3B083BFDA6BB7E1BB45B38E00B855B4F , 当前时间：2021-12-11 16:42:05 登录成功！
16:42:08.774 [http-nio-9001-exec-5] INFO  com.csx.main.plugin.owner.interceptor.AuthorizationInterceptor  - 请求url : /quartz/page/index
16:42:08.774 [http-nio-9001-exec-5] INFO  com.csx.main.plugin.owner.interceptor.AuthorizationInterceptor  - 服务器ip : 192.168.40.1
16:42:08.774 [http-nio-9001-exec-5] INFO  com.csx.main.plugin.owner.interceptor.AuthorizationInterceptor  - 基础路径 : /D:/IdeaProject/quartz/main/target/classes/
16:42:09.368 [http-nio-9001-exec-5] INFO  com.csx.common.service.HomeService  - ******************************** 开始初始化首页信息 开始 ********************************
16:42:09.368 [http-nio-9001-exec-5] INFO  com.csx.common.service.HomeService  - 初始化用户信息 开始...
16:42:09.368 [http-nio-9001-exec-5] INFO  com.csx.common.service.HomeService  - 初始化用户信息 结束。
16:42:09.368 [http-nio-9001-exec-5] INFO  com.csx.common.service.HomeService  - 初始化首页信息 开始...
16:42:09.368 [http-nio-9001-exec-5] INFO  com.csx.common.service.HomeService  - 初始化首页信息 结束。
16:42:09.368 [http-nio-9001-exec-5] INFO  com.csx.common.service.HomeService  - 初始化子系统信息 开始...
16:42:09.442 [http-nio-9001-exec-5] INFO  com.csx.common.service.HomeService  - 初始化子系统信息 结束。
16:42:09.442 [http-nio-9001-exec-5] INFO  com.csx.common.service.HomeService  - ******************************** 开始初始化首页信息 结束 ********************************
16:52:03.480 [quartzScheduler_QuartzSchedulerThread] WARN  com.alibaba.druid.pool.DruidAbstractDataSource  - discard long time none received connection. , jdbcUrl : jdbc:mysql://localhost:3306/quartz?useUnicode=true&characterEncoding=UTF-8&serverTimezone=UTC, version : 1.2.4, lastPacketReceivedIdleMillis : 600430
16:53:51.719 [quartzScheduler_QuartzSchedulerThread] WARN  com.alibaba.druid.pool.DruidAbstractDataSource  - discard long time none received connection. , jdbcUrl : jdbc:mysql://localhost:3306/quartz?useUnicode=true&characterEncoding=UTF-8&serverTimezone=UTC, version : 1.2.4, lastPacketReceivedIdleMillis : 108225
17:00:56.005 [SpringApplicationShutdownHook] INFO  com.csx.common.utils.OnlineUtils  - 用户：admin , SessionId: 3B083BFDA6BB7E1BB45B38E00B855B4F , 当前时间：2021-12-11 17:00:56 退出登录！
17:00:56.053 [SpringApplicationShutdownHook] INFO  com.alibaba.druid.pool.DruidDataSource  - {dataSource-1} closing ...
17:00:56.057 [SpringApplicationShutdownHook] INFO  com.alibaba.druid.pool.DruidDataSource  - {dataSource-1} closed
17:01:03.637 [main] INFO  com.csx.main.MainApplication  - Starting MainApplication using Java 1.8.0_251 on Administrator with PID 15564 (D:\IdeaProject\quartz\main\target\classes started by Admin in D:\IdeaProject\quartz)
17:01:03.648 [main] INFO  com.csx.main.MainApplication  - The following profiles are active: quartz,activiti,datasource,dev
17:01:11.287 [main] WARN  com.baomidou.mybatisplus.core.metadata.TableInfoHelper  - Can not find table primary key in Class: "com.csx.common.entity.SysPermission".
17:01:13.883 [main] INFO  org.apache.coyote.http11.Http11NioProtocol  - Initializing ProtocolHandler ["http-nio-9001"]
17:01:13.883 [main] INFO  org.apache.catalina.core.StandardService  - Starting service [Tomcat]
17:01:13.884 [main] INFO  org.apache.catalina.core.StandardEngine  - Starting Servlet engine: [Apache Tomcat/9.0.50]
17:01:14.021 [main] INFO  org.apache.catalina.core.ContainerBase.[Tomcat].[localhost].[/quartz]  - Initializing Spring embedded WebApplicationContext
17:01:14.120 [main] INFO  org.apache.catalina.core.StandardContext  - Suspicious URL pattern: [/**] in context [/quartz], see sections 12.1 and 12.2 of the Servlet specification
17:01:14.121 [main] INFO  org.apache.catalina.core.StandardContext  - Suspicious URL pattern: [/**] in context [/quartz], see sections 12.1 and 12.2 of the Servlet specification
17:01:14.121 [main] INFO  org.apache.catalina.core.StandardContext  - Suspicious URL pattern: [/**] in context [/quartz], see sections 12.1 and 12.2 of the Servlet specification
17:01:14.257 [main] WARN  com.baomidou.mybatisplus.core.metadata.TableInfoHelper  - Can not find table primary key in Class: "com.csx.common.entity.SysDict".
17:01:15.518 [main] INFO  com.alibaba.druid.pool.DruidDataSource  - {dataSource-1} inited
17:01:16.737 [main] INFO  org.activiti.engine.compatibility.DefaultActiviti5CompatibilityHandlerFactory  - Activiti 5 compatibility handler implementation not found or error during instantiation : org.activiti.compatibility.DefaultActiviti5CompatibilityHandler. Activiti 5 backwards compatibility disabled.
17:01:16.927 [main] INFO  org.activiti.engine.impl.ProcessEngineImpl  - ProcessEngine default created
17:01:18.099 [main] INFO  org.apache.coyote.http11.Http11NioProtocol  - Starting ProtocolHandler ["http-nio-9001"]
17:01:18.189 [main] INFO  com.csx.main.MainApplication  - Started MainApplication in 15.537 seconds (JVM running for 19.415)
17:01:18.251 [main] INFO  com.csx.main.ApplicationRunner  - ------------------------------[2021-12-11 17:01:18]服务已启动 , 开始初始化... ------------------------------
17:01:18.301 [main] INFO  com.csx.common.service.CacheService  - com.csx.common.service.CacheService.getSysConfigAll 该方法执行成功，初始化缓存成功！
17:01:18.371 [main] INFO  com.csx.common.service.CacheService  - com.csx.common.service.CacheService.getSysSystemAll 该方法执行成功，初始化缓存成功！
17:01:18.376 [main] INFO  com.csx.common.service.CacheService  - com.csx.common.service.CacheService.getSysSubConfigAll 该方法执行成功，初始化缓存成功！
17:01:18.398 [main] INFO  com.csx.common.service.CacheService  - com.csx.common.service.CacheService.getDictMap 该方法执行成功，初始化缓存成功！
17:01:18.399 [main] INFO  com.csx.main.ApplicationRunner  - [初始化] Cache缓存 初始化完成！
17:01:18.401 [main] INFO  com.csx.main.ApplicationRunner  - [初始化] JdbcUtils 初始化完成！
17:01:18.402 [main] INFO  com.csx.main.ApplicationRunner  - [初始化] ToolUtils 初始化完成！
17:01:18.403 [main] INFO  com.csx.main.ApplicationRunner  - ------------------------------[2021-12-11 17:01:18]服务已启动 , 初始化完成！   ------------------------------
17:01:18.404 [main] INFO  com.csx.main.ApplicationRunner  - 总共用时：208 毫秒
17:01:21.604 [http-nio-9001-exec-2] INFO  org.apache.catalina.core.ContainerBase.[Tomcat].[localhost].[/quartz]  - Initializing Spring DispatcherServlet 'dispatcherServlet'
17:01:21.753 [http-nio-9001-exec-1] WARN  com.csx.main.plugin.owner.interceptor.AuthorizationInterceptor  - token不能为空，返回登录页！
17:01:23.850 [http-nio-9001-exec-9] WARN  com.csx.common.config.AppCofig  - 配置项[SYS_LOGIN_PWDOVER]不存在，取自定义默认值：365
17:01:23.855 [http-nio-9001-exec-9] WARN  com.csx.common.config.AppCofig  - 配置项[SYS_LOGIN_MAX_ONLINE_NUM]不存在，取自定义默认值：10
17:01:23.855 [http-nio-9001-exec-9] WARN  com.csx.common.config.AppCofig  - 配置项[SYS_LOGIN_ISMULTI]不存在，取自定义默认值：Y
17:01:26.027 [http-nio-9001-exec-9] INFO  com.csx.common.utils.OnlineUtils  - 用户：admin , SessionId: 7DBAC9607EB7C418402E35D81988A3FB , 当前时间：2021-12-11 17:01:26 登录成功！
17:01:29.464 [http-nio-9001-exec-10] INFO  com.csx.main.plugin.owner.interceptor.AuthorizationInterceptor  - 请求url : /quartz/page/index
17:01:29.465 [http-nio-9001-exec-10] INFO  com.csx.main.plugin.owner.interceptor.AuthorizationInterceptor  - 服务器ip : 192.168.40.1
17:01:29.465 [http-nio-9001-exec-10] INFO  com.csx.main.plugin.owner.interceptor.AuthorizationInterceptor  - 基础路径 : /D:/IdeaProject/quartz/main/target/classes/
17:01:29.718 [http-nio-9001-exec-6] INFO  com.csx.common.service.HomeService  - ******************************** 开始初始化首页信息 开始 ********************************
17:01:29.718 [http-nio-9001-exec-6] INFO  com.csx.common.service.HomeService  - 初始化用户信息 开始...
17:01:29.718 [http-nio-9001-exec-6] INFO  com.csx.common.service.HomeService  - 初始化用户信息 结束。
17:01:29.718 [http-nio-9001-exec-6] INFO  com.csx.common.service.HomeService  - 初始化首页信息 开始...
17:01:29.718 [http-nio-9001-exec-6] INFO  com.csx.common.service.HomeService  - 初始化首页信息 结束。
17:01:29.718 [http-nio-9001-exec-6] INFO  com.csx.common.service.HomeService  - 初始化子系统信息 开始...
17:01:29.752 [http-nio-9001-exec-6] INFO  com.csx.common.service.HomeService  - 初始化子系统信息 结束。
17:01:29.752 [http-nio-9001-exec-6] INFO  com.csx.common.service.HomeService  - ******************************** 开始初始化首页信息 结束 ********************************
17:06:17.608 [http-nio-9001-exec-5] INFO  com.csx.main.plugin.owner.interceptor.AuthorizationInterceptor  - 请求url : /quartz/page/index
17:06:17.608 [http-nio-9001-exec-5] INFO  com.csx.main.plugin.owner.interceptor.AuthorizationInterceptor  - 服务器ip : 192.168.40.1
17:06:17.608 [http-nio-9001-exec-5] INFO  com.csx.main.plugin.owner.interceptor.AuthorizationInterceptor  - 基础路径 : /D:/IdeaProject/quartz/main/target/classes/
17:06:17.920 [http-nio-9001-exec-9] INFO  com.csx.common.service.HomeService  - ******************************** 开始初始化首页信息 开始 ********************************
17:06:17.920 [http-nio-9001-exec-9] INFO  com.csx.common.service.HomeService  - 初始化用户信息 开始...
17:06:17.920 [http-nio-9001-exec-9] INFO  com.csx.common.service.HomeService  - 初始化用户信息 结束。
17:06:17.920 [http-nio-9001-exec-9] INFO  com.csx.common.service.HomeService  - 初始化首页信息 开始...
17:06:17.920 [http-nio-9001-exec-9] INFO  com.csx.common.service.HomeService  - 初始化首页信息 结束。
17:06:17.920 [http-nio-9001-exec-9] INFO  com.csx.common.service.HomeService  - 初始化子系统信息 开始...
17:06:17.934 [http-nio-9001-exec-9] INFO  com.csx.common.service.HomeService  - 初始化子系统信息 结束。
17:06:17.934 [http-nio-9001-exec-9] INFO  com.csx.common.service.HomeService  - ******************************** 开始初始化首页信息 结束 ********************************
17:10:15.461 [quartzScheduler_QuartzSchedulerThread] WARN  com.alibaba.druid.pool.DruidAbstractDataSource  - discard long time none received connection. , jdbcUrl : jdbc:mysql://localhost:3306/quartz?useUnicode=true&characterEncoding=UTF-8&serverTimezone=UTC, version : 1.2.4, lastPacketReceivedIdleMillis : 537249
17:18:34.792 [http-nio-9001-exec-8] INFO  com.csx.main.plugin.owner.interceptor.AuthorizationInterceptor  - 请求url : /quartz/page/index
17:18:34.792 [http-nio-9001-exec-8] INFO  com.csx.main.plugin.owner.interceptor.AuthorizationInterceptor  - 服务器ip : 192.168.40.1
17:18:34.792 [http-nio-9001-exec-8] INFO  com.csx.main.plugin.owner.interceptor.AuthorizationInterceptor  - 基础路径 : /D:/IdeaProject/quartz/main/target/classes/
17:18:35.821 [http-nio-9001-exec-3] INFO  com.csx.common.service.HomeService  - ******************************** 开始初始化首页信息 开始 ********************************
17:18:35.821 [http-nio-9001-exec-3] INFO  com.csx.common.service.HomeService  - 初始化用户信息 开始...
17:18:35.821 [http-nio-9001-exec-3] INFO  com.csx.common.service.HomeService  - 初始化用户信息 结束。
17:18:35.821 [http-nio-9001-exec-3] INFO  com.csx.common.service.HomeService  - 初始化首页信息 开始...
17:18:35.821 [http-nio-9001-exec-3] INFO  com.csx.common.service.HomeService  - 初始化首页信息 结束。
17:18:35.822 [http-nio-9001-exec-3] INFO  com.csx.common.service.HomeService  - 初始化子系统信息 开始...
17:18:35.832 [http-nio-9001-exec-3] INFO  com.csx.common.service.HomeService  - 初始化子系统信息 结束。
17:18:35.832 [http-nio-9001-exec-3] INFO  com.csx.common.service.HomeService  - ******************************** 开始初始化首页信息 结束 ********************************
17:18:42.331 [http-nio-9001-exec-3] INFO  com.csx.main.plugin.owner.interceptor.AuthorizationInterceptor  - 请求url : /quartz/page/index
17:18:42.331 [http-nio-9001-exec-3] INFO  com.csx.main.plugin.owner.interceptor.AuthorizationInterceptor  - 服务器ip : 192.168.40.1
17:18:42.331 [http-nio-9001-exec-3] INFO  com.csx.main.plugin.owner.interceptor.AuthorizationInterceptor  - 基础路径 : /D:/IdeaProject/quartz/main/target/classes/
17:18:42.596 [http-nio-9001-exec-4] INFO  com.csx.common.service.HomeService  - ******************************** 开始初始化首页信息 开始 ********************************
17:18:42.596 [http-nio-9001-exec-4] INFO  com.csx.common.service.HomeService  - 初始化用户信息 开始...
17:18:42.596 [http-nio-9001-exec-4] INFO  com.csx.common.service.HomeService  - 初始化用户信息 结束。
17:18:42.597 [http-nio-9001-exec-4] INFO  com.csx.common.service.HomeService  - 初始化首页信息 开始...
17:18:42.597 [http-nio-9001-exec-4] INFO  com.csx.common.service.HomeService  - 初始化首页信息 结束。
17:18:42.597 [http-nio-9001-exec-4] INFO  com.csx.common.service.HomeService  - 初始化子系统信息 开始...
17:18:42.604 [http-nio-9001-exec-4] INFO  com.csx.common.service.HomeService  - 初始化子系统信息 结束。
17:18:42.604 [http-nio-9001-exec-4] INFO  com.csx.common.service.HomeService  - ******************************** 开始初始化首页信息 结束 ********************************
17:18:50.034 [http-nio-9001-exec-8] WARN  com.csx.main.plugin.owner.interceptor.AuthorizationInterceptor  - token不能为空，返回登录页！
17:18:58.257 [http-nio-9001-exec-7] WARN  com.csx.common.config.AppCofig  - 配置项[SYS_LOGIN_PWDOVER]不存在，取自定义默认值：365
17:19:00.522 [http-nio-9001-exec-7] INFO  com.csx.common.utils.OnlineUtils  - 用户：admin , SessionId: 12056D962426814CDF76928B64C0820F , 当前时间：2021-12-11 17:19:00 登录成功！
17:19:03.951 [http-nio-9001-exec-8] INFO  com.csx.main.plugin.owner.interceptor.AuthorizationInterceptor  - 请求url : /quartz/page/index
17:19:03.951 [http-nio-9001-exec-8] INFO  com.csx.main.plugin.owner.interceptor.AuthorizationInterceptor  - 服务器ip : 192.168.40.1
17:19:03.951 [http-nio-9001-exec-8] INFO  com.csx.main.plugin.owner.interceptor.AuthorizationInterceptor  - 基础路径 : /D:/IdeaProject/quartz/main/target/classes/
17:19:04.386 [http-nio-9001-exec-6] INFO  com.csx.common.service.HomeService  - ******************************** 开始初始化首页信息 开始 ********************************
17:19:04.386 [http-nio-9001-exec-6] INFO  com.csx.common.service.HomeService  - 初始化用户信息 开始...
17:19:04.386 [http-nio-9001-exec-6] INFO  com.csx.common.service.HomeService  - 初始化用户信息 结束。
17:19:04.386 [http-nio-9001-exec-6] INFO  com.csx.common.service.HomeService  - 初始化首页信息 开始...
17:19:04.386 [http-nio-9001-exec-6] INFO  com.csx.common.service.HomeService  - 初始化首页信息 结束。
17:19:04.386 [http-nio-9001-exec-6] INFO  com.csx.common.service.HomeService  - 初始化子系统信息 开始...
17:19:04.390 [http-nio-9001-exec-6] INFO  com.csx.common.service.HomeService  - 初始化子系统信息 结束。
17:19:04.390 [http-nio-9001-exec-6] INFO  com.csx.common.service.HomeService  - ******************************** 开始初始化首页信息 结束 ********************************
17:21:28.191 [http-nio-9001-exec-5] INFO  com.csx.main.plugin.owner.interceptor.AuthorizationInterceptor  - 请求url : /quartz/page/index
17:21:28.191 [http-nio-9001-exec-5] INFO  com.csx.main.plugin.owner.interceptor.AuthorizationInterceptor  - 服务器ip : 192.168.40.1
17:21:28.191 [http-nio-9001-exec-5] INFO  com.csx.main.plugin.owner.interceptor.AuthorizationInterceptor  - 基础路径 : /D:/IdeaProject/quartz/main/target/classes/
17:21:28.454 [http-nio-9001-exec-9] INFO  com.csx.common.service.HomeService  - ******************************** 开始初始化首页信息 开始 ********************************
17:21:28.454 [http-nio-9001-exec-9] INFO  com.csx.common.service.HomeService  - 初始化用户信息 开始...
17:21:28.454 [http-nio-9001-exec-9] INFO  com.csx.common.service.HomeService  - 初始化用户信息 结束。
17:21:28.454 [http-nio-9001-exec-9] INFO  com.csx.common.service.HomeService  - 初始化首页信息 开始...
17:21:28.454 [http-nio-9001-exec-9] INFO  com.csx.common.service.HomeService  - 初始化首页信息 结束。
17:21:28.454 [http-nio-9001-exec-9] INFO  com.csx.common.service.HomeService  - 初始化子系统信息 开始...
17:21:28.459 [http-nio-9001-exec-9] INFO  com.csx.common.service.HomeService  - 初始化子系统信息 结束。
17:21:28.459 [http-nio-9001-exec-9] INFO  com.csx.common.service.HomeService  - ******************************** 开始初始化首页信息 结束 ********************************
17:25:18.279 [QuartzScheduler_quartzScheduler-Administrator1639213277610_MisfireHandler] WARN  com.alibaba.druid.pool.DruidAbstractDataSource  - discard long time none received connection. , jdbcUrl : jdbc:mysql://localhost:3306/quartz?useUnicode=true&characterEncoding=UTF-8&serverTimezone=UTC, version : 1.2.4, lastPacketReceivedIdleMillis : 902809
17:35:04.456 [quartzScheduler_QuartzSchedulerThread] WARN  com.alibaba.druid.pool.DruidAbstractDataSource  - discard long time none received connection. , jdbcUrl : jdbc:mysql://localhost:3306/quartz?useUnicode=true&characterEncoding=UTF-8&serverTimezone=UTC, version : 1.2.4, lastPacketReceivedIdleMillis : 586150
17:36:01.722 [http-nio-9001-exec-4] INFO  com.csx.main.plugin.owner.interceptor.AuthorizationInterceptor  - 请求url : /quartz/page/index
17:36:01.722 [http-nio-9001-exec-4] INFO  com.csx.main.plugin.owner.interceptor.AuthorizationInterceptor  - 服务器ip : 192.168.40.1
17:36:01.722 [http-nio-9001-exec-4] INFO  com.csx.main.plugin.owner.interceptor.AuthorizationInterceptor  - 基础路径 : /D:/IdeaProject/quartz/main/target/classes/
17:36:02.115 [http-nio-9001-exec-9] INFO  com.csx.common.service.HomeService  - ******************************** 开始初始化首页信息 开始 ********************************
17:36:02.115 [http-nio-9001-exec-9] INFO  com.csx.common.service.HomeService  - 初始化用户信息 开始...
17:36:02.115 [http-nio-9001-exec-9] INFO  com.csx.common.service.HomeService  - 初始化用户信息 结束。
17:36:02.115 [http-nio-9001-exec-9] INFO  com.csx.common.service.HomeService  - 初始化首页信息 开始...
17:36:02.115 [http-nio-9001-exec-9] INFO  com.csx.common.service.HomeService  - 初始化首页信息 结束。
17:36:02.115 [http-nio-9001-exec-9] INFO  com.csx.common.service.HomeService  - 初始化子系统信息 开始...
17:36:02.119 [http-nio-9001-exec-9] INFO  com.csx.common.service.HomeService  - 初始化子系统信息 结束。
17:36:02.119 [http-nio-9001-exec-9] INFO  com.csx.common.service.HomeService  - ******************************** 开始初始化首页信息 结束 ********************************
17:36:05.767 [http-nio-9001-exec-10] INFO  com.csx.main.plugin.owner.interceptor.AuthorizationInterceptor  - 请求url : /quartz/page/index
17:36:05.767 [http-nio-9001-exec-10] INFO  com.csx.main.plugin.owner.interceptor.AuthorizationInterceptor  - 服务器ip : 192.168.40.1
17:36:05.768 [http-nio-9001-exec-10] INFO  com.csx.main.plugin.owner.interceptor.AuthorizationInterceptor  - 基础路径 : /D:/IdeaProject/quartz/main/target/classes/
17:36:06.004 [http-nio-9001-exec-7] INFO  com.csx.common.service.HomeService  - ******************************** 开始初始化首页信息 开始 ********************************
17:36:06.004 [http-nio-9001-exec-7] INFO  com.csx.common.service.HomeService  - 初始化用户信息 开始...
17:36:06.004 [http-nio-9001-exec-7] INFO  com.csx.common.service.HomeService  - 初始化用户信息 结束。
17:36:06.004 [http-nio-9001-exec-7] INFO  com.csx.common.service.HomeService  - 初始化首页信息 开始...
17:36:06.005 [http-nio-9001-exec-7] INFO  com.csx.common.service.HomeService  - 初始化首页信息 结束。
17:36:06.005 [http-nio-9001-exec-7] INFO  com.csx.common.service.HomeService  - 初始化子系统信息 开始...
17:36:06.012 [http-nio-9001-exec-7] INFO  com.csx.common.service.HomeService  - 初始化子系统信息 结束。
17:36:06.012 [http-nio-9001-exec-7] INFO  com.csx.common.service.HomeService  - ******************************** 开始初始化首页信息 结束 ********************************
17:36:09.668 [http-nio-9001-exec-10] INFO  com.csx.main.plugin.owner.interceptor.AuthorizationInterceptor  - 请求url : /quartz/page/index
17:36:09.668 [http-nio-9001-exec-10] INFO  com.csx.main.plugin.owner.interceptor.AuthorizationInterceptor  - 服务器ip : 192.168.40.1
17:36:09.668 [http-nio-9001-exec-10] INFO  com.csx.main.plugin.owner.interceptor.AuthorizationInterceptor  - 基础路径 : /D:/IdeaProject/quartz/main/target/classes/
17:36:09.917 [http-nio-9001-exec-7] INFO  com.csx.common.service.HomeService  - ******************************** 开始初始化首页信息 开始 ********************************
17:36:09.917 [http-nio-9001-exec-7] INFO  com.csx.common.service.HomeService  - 初始化用户信息 开始...
17:36:09.917 [http-nio-9001-exec-7] INFO  com.csx.common.service.HomeService  - 初始化用户信息 结束。
17:36:09.917 [http-nio-9001-exec-7] INFO  com.csx.common.service.HomeService  - 初始化首页信息 开始...
17:36:09.917 [http-nio-9001-exec-7] INFO  com.csx.common.service.HomeService  - 初始化首页信息 结束。
17:36:09.917 [http-nio-9001-exec-7] INFO  com.csx.common.service.HomeService  - 初始化子系统信息 开始...
17:36:09.921 [http-nio-9001-exec-7] INFO  com.csx.common.service.HomeService  - 初始化子系统信息 结束。
17:36:09.921 [http-nio-9001-exec-7] INFO  com.csx.common.service.HomeService  - ******************************** 开始初始化首页信息 结束 ********************************
17:37:36.895 [quartzScheduler_QuartzSchedulerThread] WARN  com.alibaba.druid.pool.DruidAbstractDataSource  - discard long time none received connection. , jdbcUrl : jdbc:mysql://localhost:3306/quartz?useUnicode=true&characterEncoding=UTF-8&serverTimezone=UTC, version : 1.2.4, lastPacketReceivedIdleMillis : 152423
17:38:25.575 [http-nio-9001-exec-4] INFO  com.csx.main.plugin.owner.interceptor.AuthorizationInterceptor  - 请求url : /quartz/page/index
17:38:25.575 [http-nio-9001-exec-4] INFO  com.csx.main.plugin.owner.interceptor.AuthorizationInterceptor  - 服务器ip : 192.168.40.1
17:38:25.575 [http-nio-9001-exec-4] INFO  com.csx.main.plugin.owner.interceptor.AuthorizationInterceptor  - 基础路径 : /D:/IdeaProject/quartz/main/target/classes/
17:38:25.942 [http-nio-9001-exec-8] INFO  com.csx.common.service.HomeService  - ******************************** 开始初始化首页信息 开始 ********************************
17:38:25.942 [http-nio-9001-exec-8] INFO  com.csx.common.service.HomeService  - 初始化用户信息 开始...
17:38:25.942 [http-nio-9001-exec-8] INFO  com.csx.common.service.HomeService  - 初始化用户信息 结束。
17:38:25.943 [http-nio-9001-exec-8] INFO  com.csx.common.service.HomeService  - 初始化首页信息 开始...
17:38:25.943 [http-nio-9001-exec-8] INFO  com.csx.common.service.HomeService  - 初始化首页信息 结束。
17:38:25.943 [http-nio-9001-exec-8] INFO  com.csx.common.service.HomeService  - 初始化子系统信息 开始...
17:38:25.948 [http-nio-9001-exec-8] INFO  com.csx.common.service.HomeService  - 初始化子系统信息 结束。
17:38:25.948 [http-nio-9001-exec-8] INFO  com.csx.common.service.HomeService  - ******************************** 开始初始化首页信息 结束 ********************************
17:38:28.974 [http-nio-9001-exec-1] INFO  com.csx.main.plugin.owner.interceptor.AuthorizationInterceptor  - 请求url : /quartz/page/index
17:38:28.974 [http-nio-9001-exec-1] INFO  com.csx.main.plugin.owner.interceptor.AuthorizationInterceptor  - 服务器ip : 192.168.40.1
17:38:28.974 [http-nio-9001-exec-1] INFO  com.csx.main.plugin.owner.interceptor.AuthorizationInterceptor  - 基础路径 : /D:/IdeaProject/quartz/main/target/classes/
17:38:29.208 [http-nio-9001-exec-9] INFO  com.csx.common.service.HomeService  - ******************************** 开始初始化首页信息 开始 ********************************
17:38:29.209 [http-nio-9001-exec-9] INFO  com.csx.common.service.HomeService  - 初始化用户信息 开始...
17:38:29.209 [http-nio-9001-exec-9] INFO  com.csx.common.service.HomeService  - 初始化用户信息 结束。
17:38:29.209 [http-nio-9001-exec-9] INFO  com.csx.common.service.HomeService  - 初始化首页信息 开始...
17:38:29.209 [http-nio-9001-exec-9] INFO  com.csx.common.service.HomeService  - 初始化首页信息 结束。
17:38:29.209 [http-nio-9001-exec-9] INFO  com.csx.common.service.HomeService  - 初始化子系统信息 开始...
17:38:29.212 [http-nio-9001-exec-9] INFO  com.csx.common.service.HomeService  - 初始化子系统信息 结束。
17:38:29.212 [http-nio-9001-exec-9] INFO  com.csx.common.service.HomeService  - ******************************** 开始初始化首页信息 结束 ********************************
17:38:32.135 [http-nio-9001-exec-1] INFO  com.csx.main.plugin.owner.interceptor.AuthorizationInterceptor  - 请求url : /quartz/page/index
17:38:32.135 [http-nio-9001-exec-1] INFO  com.csx.main.plugin.owner.interceptor.AuthorizationInterceptor  - 服务器ip : 192.168.40.1
17:38:32.135 [http-nio-9001-exec-1] INFO  com.csx.main.plugin.owner.interceptor.AuthorizationInterceptor  - 基础路径 : /D:/IdeaProject/quartz/main/target/classes/
17:38:32.355 [http-nio-9001-exec-9] INFO  com.csx.common.service.HomeService  - ******************************** 开始初始化首页信息 开始 ********************************
17:38:32.356 [http-nio-9001-exec-9] INFO  com.csx.common.service.HomeService  - 初始化用户信息 开始...
17:38:32.356 [http-nio-9001-exec-9] INFO  com.csx.common.service.HomeService  - 初始化用户信息 结束。
17:38:32.356 [http-nio-9001-exec-9] INFO  com.csx.common.service.HomeService  - 初始化首页信息 开始...
17:38:32.356 [http-nio-9001-exec-9] INFO  com.csx.common.service.HomeService  - 初始化首页信息 结束。
17:38:32.356 [http-nio-9001-exec-9] INFO  com.csx.common.service.HomeService  - 初始化子系统信息 开始...
17:38:32.364 [http-nio-9001-exec-9] INFO  com.csx.common.service.HomeService  - 初始化子系统信息 结束。
17:38:32.365 [http-nio-9001-exec-9] INFO  com.csx.common.service.HomeService  - ******************************** 开始初始化首页信息 结束 ********************************
17:39:38.779 [http-nio-9001-exec-3] INFO  com.csx.main.plugin.owner.interceptor.AuthorizationInterceptor  - 请求url : /quartz/page/index
17:39:38.779 [http-nio-9001-exec-3] INFO  com.csx.main.plugin.owner.interceptor.AuthorizationInterceptor  - 服务器ip : 192.168.40.1
17:39:38.779 [http-nio-9001-exec-3] INFO  com.csx.main.plugin.owner.interceptor.AuthorizationInterceptor  - 基础路径 : /D:/IdeaProject/quartz/main/target/classes/
17:39:39.055 [http-nio-9001-exec-2] INFO  com.csx.common.service.HomeService  - ******************************** 开始初始化首页信息 开始 ********************************
17:39:39.055 [http-nio-9001-exec-2] INFO  com.csx.common.service.HomeService  - 初始化用户信息 开始...
17:39:39.055 [http-nio-9001-exec-2] INFO  com.csx.common.service.HomeService  - 初始化用户信息 结束。
17:39:39.055 [http-nio-9001-exec-2] INFO  com.csx.common.service.HomeService  - 初始化首页信息 开始...
17:39:39.055 [http-nio-9001-exec-2] INFO  com.csx.common.service.HomeService  - 初始化首页信息 结束。
17:39:39.055 [http-nio-9001-exec-2] INFO  com.csx.common.service.HomeService  - 初始化子系统信息 开始...
17:39:39.061 [http-nio-9001-exec-2] INFO  com.csx.common.service.HomeService  - 初始化子系统信息 结束。
17:39:39.061 [http-nio-9001-exec-2] INFO  com.csx.common.service.HomeService  - ******************************** 开始初始化首页信息 结束 ********************************
17:39:42.018 [http-nio-9001-exec-3] INFO  com.csx.main.plugin.owner.interceptor.AuthorizationInterceptor  - 请求url : /quartz/page/index
17:39:42.018 [http-nio-9001-exec-3] INFO  com.csx.main.plugin.owner.interceptor.AuthorizationInterceptor  - 服务器ip : 192.168.40.1
17:39:42.019 [http-nio-9001-exec-3] INFO  com.csx.main.plugin.owner.interceptor.AuthorizationInterceptor  - 基础路径 : /D:/IdeaProject/quartz/main/target/classes/
17:39:42.266 [http-nio-9001-exec-2] INFO  com.csx.common.service.HomeService  - ******************************** 开始初始化首页信息 开始 ********************************
17:39:42.266 [http-nio-9001-exec-2] INFO  com.csx.common.service.HomeService  - 初始化用户信息 开始...
17:39:42.266 [http-nio-9001-exec-2] INFO  com.csx.common.service.HomeService  - 初始化用户信息 结束。
17:39:42.266 [http-nio-9001-exec-2] INFO  com.csx.common.service.HomeService  - 初始化首页信息 开始...
17:39:42.267 [http-nio-9001-exec-2] INFO  com.csx.common.service.HomeService  - 初始化首页信息 结束。
17:39:42.267 [http-nio-9001-exec-2] INFO  com.csx.common.service.HomeService  - 初始化子系统信息 开始...
17:39:42.270 [http-nio-9001-exec-2] INFO  com.csx.common.service.HomeService  - 初始化子系统信息 结束。
17:39:42.270 [http-nio-9001-exec-2] INFO  com.csx.common.service.HomeService  - ******************************** 开始初始化首页信息 结束 ********************************
17:40:09.213 [http-nio-9001-exec-2] INFO  com.csx.main.plugin.owner.interceptor.AuthorizationInterceptor  - 请求url : /quartz/page/index
17:40:09.213 [http-nio-9001-exec-2] INFO  com.csx.main.plugin.owner.interceptor.AuthorizationInterceptor  - 服务器ip : 192.168.40.1
17:40:09.213 [http-nio-9001-exec-2] INFO  com.csx.main.plugin.owner.interceptor.AuthorizationInterceptor  - 基础路径 : /D:/IdeaProject/quartz/main/target/classes/
17:40:09.497 [http-nio-9001-exec-3] INFO  com.csx.common.service.HomeService  - ******************************** 开始初始化首页信息 开始 ********************************
17:40:09.498 [http-nio-9001-exec-3] INFO  com.csx.common.service.HomeService  - 初始化用户信息 开始...
17:40:09.498 [http-nio-9001-exec-3] INFO  com.csx.common.service.HomeService  - 初始化用户信息 结束。
17:40:09.506 [http-nio-9001-exec-3] INFO  com.csx.common.service.HomeService  - 初始化首页信息 开始...
17:40:09.506 [http-nio-9001-exec-3] INFO  com.csx.common.service.HomeService  - 初始化首页信息 结束。
17:40:09.506 [http-nio-9001-exec-3] INFO  com.csx.common.service.HomeService  - 初始化子系统信息 开始...
17:40:09.510 [http-nio-9001-exec-3] INFO  com.csx.common.service.HomeService  - 初始化子系统信息 结束。
17:40:09.510 [http-nio-9001-exec-3] INFO  com.csx.common.service.HomeService  - ******************************** 开始初始化首页信息 结束 ********************************
17:44:47.657 [http-nio-9001-exec-1] INFO  com.csx.main.plugin.owner.interceptor.AuthorizationInterceptor  - 请求url : /quartz/page/index
17:44:47.657 [http-nio-9001-exec-1] INFO  com.csx.main.plugin.owner.interceptor.AuthorizationInterceptor  - 服务器ip : 192.168.40.1
17:44:47.657 [http-nio-9001-exec-1] INFO  com.csx.main.plugin.owner.interceptor.AuthorizationInterceptor  - 基础路径 : /D:/IdeaProject/quartz/main/target/classes/
17:44:47.910 [http-nio-9001-exec-7] INFO  com.csx.common.service.HomeService  - ******************************** 开始初始化首页信息 开始 ********************************
17:44:47.910 [http-nio-9001-exec-7] INFO  com.csx.common.service.HomeService  - 初始化用户信息 开始...
17:44:47.910 [http-nio-9001-exec-7] INFO  com.csx.common.service.HomeService  - 初始化用户信息 结束。
17:44:47.910 [http-nio-9001-exec-7] INFO  com.csx.common.service.HomeService  - 初始化首页信息 开始...
17:44:47.910 [http-nio-9001-exec-7] INFO  com.csx.common.service.HomeService  - 初始化首页信息 结束。
17:44:47.910 [http-nio-9001-exec-7] INFO  com.csx.common.service.HomeService  - 初始化子系统信息 开始...
17:44:47.914 [http-nio-9001-exec-7] INFO  com.csx.common.service.HomeService  - 初始化子系统信息 结束。
17:44:47.914 [http-nio-9001-exec-7] INFO  com.csx.common.service.HomeService  - ******************************** 开始初始化首页信息 结束 ********************************
17:44:51.219 [http-nio-9001-exec-2] INFO  com.csx.main.plugin.owner.interceptor.AuthorizationInterceptor  - 请求url : /quartz/page/index
17:44:51.220 [http-nio-9001-exec-2] INFO  com.csx.main.plugin.owner.interceptor.AuthorizationInterceptor  - 服务器ip : 192.168.40.1
17:44:51.220 [http-nio-9001-exec-2] INFO  com.csx.main.plugin.owner.interceptor.AuthorizationInterceptor  - 基础路径 : /D:/IdeaProject/quartz/main/target/classes/
17:44:51.697 [http-nio-9001-exec-3] INFO  com.csx.common.service.HomeService  - ******************************** 开始初始化首页信息 开始 ********************************
17:44:51.697 [http-nio-9001-exec-3] INFO  com.csx.common.service.HomeService  - 初始化用户信息 开始...
17:44:51.697 [http-nio-9001-exec-3] INFO  com.csx.common.service.HomeService  - 初始化用户信息 结束。
17:44:51.697 [http-nio-9001-exec-3] INFO  com.csx.common.service.HomeService  - 初始化首页信息 开始...
17:44:51.698 [http-nio-9001-exec-3] INFO  com.csx.common.service.HomeService  - 初始化首页信息 结束。
17:44:51.698 [http-nio-9001-exec-3] INFO  com.csx.common.service.HomeService  - 初始化子系统信息 开始...
17:44:51.701 [http-nio-9001-exec-3] INFO  com.csx.common.service.HomeService  - 初始化子系统信息 结束。
17:44:51.701 [http-nio-9001-exec-3] INFO  com.csx.common.service.HomeService  - ******************************** 开始初始化首页信息 结束 ********************************
17:45:34.016 [http-nio-9001-exec-3] INFO  com.csx.main.plugin.owner.interceptor.AuthorizationInterceptor  - 请求url : /quartz/page/index
17:45:34.016 [http-nio-9001-exec-3] INFO  com.csx.main.plugin.owner.interceptor.AuthorizationInterceptor  - 服务器ip : 192.168.40.1
17:45:34.016 [http-nio-9001-exec-3] INFO  com.csx.main.plugin.owner.interceptor.AuthorizationInterceptor  - 基础路径 : /D:/IdeaProject/quartz/main/target/classes/
17:45:34.825 [http-nio-9001-exec-6] INFO  com.csx.common.service.HomeService  - ******************************** 开始初始化首页信息 开始 ********************************
17:45:34.825 [http-nio-9001-exec-6] INFO  com.csx.common.service.HomeService  - 初始化用户信息 开始...
17:45:34.825 [http-nio-9001-exec-6] INFO  com.csx.common.service.HomeService  - 初始化用户信息 结束。
17:45:34.826 [http-nio-9001-exec-6] INFO  com.csx.common.service.HomeService  - 初始化首页信息 开始...
17:45:34.826 [http-nio-9001-exec-6] INFO  com.csx.common.service.HomeService  - 初始化首页信息 结束。
17:45:34.826 [http-nio-9001-exec-6] INFO  com.csx.common.service.HomeService  - 初始化子系统信息 开始...
17:45:34.832 [http-nio-9001-exec-6] INFO  com.csx.common.service.HomeService  - 初始化子系统信息 结束。
17:45:34.832 [http-nio-9001-exec-6] INFO  com.csx.common.service.HomeService  - ******************************** 开始初始化首页信息 结束 ********************************
17:49:50.572 [http-nio-9001-exec-1] INFO  com.csx.main.plugin.owner.interceptor.AuthorizationInterceptor  - 请求url : /quartz/page/index
17:49:50.572 [http-nio-9001-exec-1] INFO  com.csx.main.plugin.owner.interceptor.AuthorizationInterceptor  - 服务器ip : 192.168.40.1
17:49:50.572 [http-nio-9001-exec-1] INFO  com.csx.main.plugin.owner.interceptor.AuthorizationInterceptor  - 基础路径 : /D:/IdeaProject/quartz/main/target/classes/
17:49:50.818 [http-nio-9001-exec-7] INFO  com.csx.common.service.HomeService  - ******************************** 开始初始化首页信息 开始 ********************************
17:49:50.818 [http-nio-9001-exec-7] INFO  com.csx.common.service.HomeService  - 初始化用户信息 开始...
17:49:50.819 [http-nio-9001-exec-7] INFO  com.csx.common.service.HomeService  - 初始化用户信息 结束。
17:49:50.819 [http-nio-9001-exec-7] INFO  com.csx.common.service.HomeService  - 初始化首页信息 开始...
17:49:50.819 [http-nio-9001-exec-7] INFO  com.csx.common.service.HomeService  - 初始化首页信息 结束。
17:49:50.819 [http-nio-9001-exec-7] INFO  com.csx.common.service.HomeService  - 初始化子系统信息 开始...
17:49:50.822 [http-nio-9001-exec-7] INFO  com.csx.common.service.HomeService  - 初始化子系统信息 结束。
17:49:50.823 [http-nio-9001-exec-7] INFO  com.csx.common.service.HomeService  - ******************************** 开始初始化首页信息 结束 ********************************
17:49:53.859 [http-nio-9001-exec-2] INFO  com.csx.main.plugin.owner.interceptor.AuthorizationInterceptor  - 请求url : /quartz/page/index
17:49:53.860 [http-nio-9001-exec-2] INFO  com.csx.main.plugin.owner.interceptor.AuthorizationInterceptor  - 服务器ip : 192.168.40.1
17:49:53.860 [http-nio-9001-exec-2] INFO  com.csx.main.plugin.owner.interceptor.AuthorizationInterceptor  - 基础路径 : /D:/IdeaProject/quartz/main/target/classes/
17:49:54.148 [http-nio-9001-exec-4] INFO  com.csx.common.service.HomeService  - ******************************** 开始初始化首页信息 开始 ********************************
17:49:54.148 [http-nio-9001-exec-4] INFO  com.csx.common.service.HomeService  - 初始化用户信息 开始...
17:49:54.148 [http-nio-9001-exec-4] INFO  com.csx.common.service.HomeService  - 初始化用户信息 结束。
17:49:54.148 [http-nio-9001-exec-4] INFO  com.csx.common.service.HomeService  - 初始化首页信息 开始...
17:49:54.148 [http-nio-9001-exec-4] INFO  com.csx.common.service.HomeService  - 初始化首页信息 结束。
17:49:54.148 [http-nio-9001-exec-4] INFO  com.csx.common.service.HomeService  - 初始化子系统信息 开始...
17:49:54.151 [http-nio-9001-exec-4] INFO  com.csx.common.service.HomeService  - 初始化子系统信息 结束。
17:49:54.151 [http-nio-9001-exec-4] INFO  com.csx.common.service.HomeService  - ******************************** 开始初始化首页信息 结束 ********************************
17:49:55.209 [http-nio-9001-exec-6] INFO  com.csx.main.plugin.owner.interceptor.AuthorizationInterceptor  - 请求url : /quartz/page/index
17:49:55.209 [http-nio-9001-exec-6] INFO  com.csx.main.plugin.owner.interceptor.AuthorizationInterceptor  - 服务器ip : 192.168.40.1
17:49:55.209 [http-nio-9001-exec-6] INFO  com.csx.main.plugin.owner.interceptor.AuthorizationInterceptor  - 基础路径 : /D:/IdeaProject/quartz/main/target/classes/
17:49:55.427 [http-nio-9001-exec-4] INFO  com.csx.common.service.HomeService  - ******************************** 开始初始化首页信息 开始 ********************************
17:49:55.427 [http-nio-9001-exec-4] INFO  com.csx.common.service.HomeService  - 初始化用户信息 开始...
17:49:55.427 [http-nio-9001-exec-4] INFO  com.csx.common.service.HomeService  - 初始化用户信息 结束。
17:49:55.428 [http-nio-9001-exec-4] INFO  com.csx.common.service.HomeService  - 初始化首页信息 开始...
17:49:55.428 [http-nio-9001-exec-4] INFO  com.csx.common.service.HomeService  - 初始化首页信息 结束。
17:49:55.428 [http-nio-9001-exec-4] INFO  com.csx.common.service.HomeService  - 初始化子系统信息 开始...
17:49:55.433 [http-nio-9001-exec-4] INFO  com.csx.common.service.HomeService  - 初始化子系统信息 结束。
17:49:55.434 [http-nio-9001-exec-4] INFO  com.csx.common.service.HomeService  - ******************************** 开始初始化首页信息 结束 ********************************
17:54:18.297 [QuartzScheduler_quartzScheduler-Administrator1639213277610_MisfireHandler] WARN  com.alibaba.druid.pool.DruidAbstractDataSource  - discard long time none received connection. , jdbcUrl : jdbc:mysql://localhost:3306/quartz?useUnicode=true&characterEncoding=UTF-8&serverTimezone=UTC, version : 1.2.4, lastPacketReceivedIdleMillis : 1001377
17:54:41.903 [http-nio-9001-exec-1] INFO  com.csx.main.plugin.owner.interceptor.AuthorizationInterceptor  - 请求url : /quartz/page/index
17:54:41.903 [http-nio-9001-exec-1] INFO  com.csx.main.plugin.owner.interceptor.AuthorizationInterceptor  - 服务器ip : 192.168.40.1
17:54:41.903 [http-nio-9001-exec-1] INFO  com.csx.main.plugin.owner.interceptor.AuthorizationInterceptor  - 基础路径 : /D:/IdeaProject/quartz/main/target/classes/
17:54:42.238 [http-nio-9001-exec-7] INFO  com.csx.common.service.HomeService  - ******************************** 开始初始化首页信息 开始 ********************************
17:54:42.239 [http-nio-9001-exec-7] INFO  com.csx.common.service.HomeService  - 初始化用户信息 开始...
17:54:42.239 [http-nio-9001-exec-7] INFO  com.csx.common.service.HomeService  - 初始化用户信息 结束。
17:54:42.239 [http-nio-9001-exec-7] INFO  com.csx.common.service.HomeService  - 初始化首页信息 开始...
17:54:42.239 [http-nio-9001-exec-7] INFO  com.csx.common.service.HomeService  - 初始化首页信息 结束。
17:54:42.239 [http-nio-9001-exec-7] INFO  com.csx.common.service.HomeService  - 初始化子系统信息 开始...
17:54:42.241 [http-nio-9001-exec-7] INFO  com.csx.common.service.HomeService  - 初始化子系统信息 结束。
17:54:42.241 [http-nio-9001-exec-7] INFO  com.csx.common.service.HomeService  - ******************************** 开始初始化首页信息 结束 ********************************
17:54:46.115 [http-nio-9001-exec-2] INFO  com.csx.main.plugin.owner.interceptor.AuthorizationInterceptor  - 请求url : /quartz/page/index
17:54:46.116 [http-nio-9001-exec-2] INFO  com.csx.main.plugin.owner.interceptor.AuthorizationInterceptor  - 服务器ip : 192.168.40.1
17:54:46.116 [http-nio-9001-exec-2] INFO  com.csx.main.plugin.owner.interceptor.AuthorizationInterceptor  - 基础路径 : /D:/IdeaProject/quartz/main/target/classes/
17:54:46.523 [http-nio-9001-exec-3] INFO  com.csx.common.service.HomeService  - ******************************** 开始初始化首页信息 开始 ********************************
17:54:46.523 [http-nio-9001-exec-3] INFO  com.csx.common.service.HomeService  - 初始化用户信息 开始...
17:54:46.523 [http-nio-9001-exec-3] INFO  com.csx.common.service.HomeService  - 初始化用户信息 结束。
17:54:46.523 [http-nio-9001-exec-3] INFO  com.csx.common.service.HomeService  - 初始化首页信息 开始...
17:54:46.524 [http-nio-9001-exec-3] INFO  com.csx.common.service.HomeService  - 初始化首页信息 结束。
17:54:46.524 [http-nio-9001-exec-3] INFO  com.csx.common.service.HomeService  - 初始化子系统信息 开始...
17:54:46.528 [http-nio-9001-exec-3] INFO  com.csx.common.service.HomeService  - 初始化子系统信息 结束。
17:54:46.528 [http-nio-9001-exec-3] INFO  com.csx.common.service.HomeService  - ******************************** 开始初始化首页信息 结束 ********************************
17:55:53.562 [quartzScheduler_QuartzSchedulerThread] WARN  com.alibaba.druid.pool.DruidAbstractDataSource  - discard long time none received connection. , jdbcUrl : jdbc:mysql://localhost:3306/quartz?useUnicode=true&characterEncoding=UTF-8&serverTimezone=UTC, version : 1.2.4, lastPacketReceivedIdleMillis : 95242
